2019-04-29 14:35:03 下午 [Thread: localhost-startStop-1][ Class:org.springframework.web.context.ContextLoader >> Method: org.springframework.web.context.ContextLoader.initWebApplicationContext(ContextLoader.java:307) ]
INFO:Root WebApplicationContext: initialization started
2019-04-29 14:35:03 下午 [Thread: localhost-startStop-1][ Class:org.springframework.web.context.support.XmlWebApplicationContext >> Method: org.springframework.context.support.AbstractApplicationContext.prepareRefresh(AbstractApplicationContext.java:578) ]
INFO:Refreshing Root WebApplicationContext: startup date [Mon Apr 29 14:35:03 CST 2019]; root of context hierarchy
2019-04-29 14:35:04 下午 [Thread: localhost-startStop-1][ Class:org.springframework.beans.factory.xml.XmlBeanDefinitionReader >> Method: org.springframework.beans.factory.xml.XmlBeanDefinitionReader.loadBeanDefinitions(XmlBeanDefinitionReader.java:317) ]
INFO:Loading XML bean definitions from class path resource [spring.xml]
2019-04-29 14:35:04 下午 [Thread: localhost-startStop-1][ Class:org.springframework.beans.factory.xml.XmlBeanDefinitionReader >> Method: org.springframework.beans.factory.xml.XmlBeanDefinitionReader.loadBeanDefinitions(XmlBeanDefinitionReader.java:317) ]
INFO:Loading XML bean definitions from class path resource [spring-hibernate.xml]
2019-04-29 14:35:04 下午 [Thread: localhost-startStop-1][ Class:org.springframework.beans.factory.config.PropertyPlaceholderConfigurer >> Method: org.springframework.core.io.support.PropertiesLoaderSupport.loadProperties(PropertiesLoaderSupport.java:172) ]
INFO:Loading properties file from class path resource [database.properties]
2019-04-29 14:35:04 下午 [Thread: localhost-startStop-1][ Class:org.springframework.beans.factory.annotation.AutowiredAnnotationBeanPostProcessor >> Method: org.springframework.beans.factory.annotation.AutowiredAnnotationBeanPostProcessor.<init>(AutowiredAnnotationBeanPostProcessor.java:153) ]
INFO:JSR-330 'javax.inject.Inject' annotation found and supported for autowiring
2019-04-29 14:35:04 下午 [Thread: localhost-startStop-1][ Class:com.mchange.v2.log.MLog >> Method: com.mchange.v2.log.MLog.<clinit>(MLog.java:80) ]
INFO:MLog clients using log4j logging.
2019-04-29 14:35:04 下午 [Thread: localhost-startStop-1][ Class:com.mchange.v2.c3p0.C3P0Registry >> Method: com.mchange.v2.c3p0.C3P0Registry.banner(C3P0Registry.java:204) ]
INFO:Initializing c3p0-0.9.1.2 [built 21-May-2007 15:04:56; debug? true; trace: 10]
2019-04-29 14:35:04 下午 [Thread: localhost-startStop-1][ Class:org.hibernate.annotations.common.Version >> Method: org.hibernate.annotations.common.Version.<clinit>(Version.java:37) ]
INFO:HCANN000001: Hibernate Commons Annotations {4.0.2.Final}
2019-04-29 14:35:04 下午 [Thread: localhost-startStop-1][ Class:org.hibernate.Version >> Method: org.hibernate.Version.logVersion(Version.java:41) ]
INFO:HHH000412: Hibernate Core {4.2.4.Final}
2019-04-29 14:35:04 下午 [Thread: localhost-startStop-1][ Class:org.hibernate.cfg.Environment >> Method: org.hibernate.cfg.Environment.<clinit>(Environment.java:239) ]
INFO:HHH000206: hibernate.properties not found
2019-04-29 14:35:04 下午 [Thread: localhost-startStop-1][ Class:org.hibernate.cfg.Environment >> Method: org.hibernate.cfg.Environment.buildBytecodeProvider(Environment.java:342) ]
INFO:HHH000021: Bytecode provider name : javassist
2019-04-29 14:35:05 下午 [Thread: localhost-startStop-1][ Class:com.mchange.v2.c3p0.impl.AbstractPoolBackedDataSource >> Method: com.mchange.v2.c3p0.impl.AbstractPoolBackedDataSource.getPoolManager(AbstractPoolBackedDataSource.java:462) ]
INFO:Initializing c3p0 pool... com.mchange.v2.c3p0.ComboPooledDataSource [ acquireIncrement -> 3, acquireRetryAttempts -> 30, acquireRetryDelay -> 1000, autoCommitOnClose -> false, automaticTestTable -> null, breakAfterAcquireFailure -> false, checkoutTimeout -> 0, connectionCustomizerClassName -> null, connectionTesterClassName -> com.mchange.v2.c3p0.impl.DefaultConnectionTester, dataSourceName -> 1hge0wpa2ssvbit1nw9vjq|6fd6d1da, debugUnreturnedConnectionStackTraces -> false, description -> null, driverClass -> com.mysql.jdbc.Driver, factoryClassLocation -> null, forceIgnoreUnresolvedTransactions -> false, identityToken -> 1hge0wpa2ssvbit1nw9vjq|6fd6d1da, idleConnectionTestPeriod -> 0, initialPoolSize -> 1, jdbcUrl -> jdbc:mysql://localhost:3306/ewm?useUnicode=true&characterEncoding=UTF-8, maxAdministrativeTaskTime -> 0, maxConnectionAge -> 0, maxIdleTime -> 20, maxIdleTimeExcessConnections -> 0, maxPoolSize -> 40, maxStatements -> 0, maxStatementsPerConnection -> 0, minPoolSize -> 1, numHelperThreads -> 3, numThreadsAwaitingCheckoutDefaultUser -> 0, preferredTestQuery -> null, properties -> {user=******, password=******}, propertyCycle -> 0, testConnectionOnCheckin -> false, testConnectionOnCheckout -> false, unreturnedConnectionTimeout -> 0, usesTraditionalReflectiveProxies -> false ]
2019-04-29 14:35:06 下午 [Thread: localhost-startStop-1][ Class:org.hibernate.dialect.Dialect >> Method: org.hibernate.dialect.Dialect.<init>(Dialect.java:130) ]
INFO:HHH000400: Using dialect: org.hibernate.dialect.MySQLDialect
2019-04-29 14:35:06 下午 [Thread: localhost-startStop-1][ Class:org.hibernate.engine.jdbc.internal.LobCreatorBuilder >> Method: org.hibernate.engine.jdbc.internal.LobCreatorBuilder.useContextualLobCreation(LobCreatorBuilder.java:120) ]
INFO:HHH000424: Disabling contextual LOB creation as createClob() method threw error : java.lang.reflect.InvocationTargetException
2019-04-29 14:35:06 下午 [Thread: localhost-startStop-1][ Class:org.hibernate.engine.transaction.internal.TransactionFactoryInitiator >> Method: org.hibernate.engine.transaction.internal.TransactionFactoryInitiator.initiateService(TransactionFactoryInitiator.java:68) ]
INFO:HHH000399: Using default transaction strategy (direct JDBC transactions)
2019-04-29 14:35:06 下午 [Thread: localhost-startStop-1][ Class:org.hibernate.hql.internal.ast.ASTQueryTranslatorFactory >> Method: org.hibernate.hql.internal.ast.ASTQueryTranslatorFactory.<init>(ASTQueryTranslatorFactory.java:48) ]
INFO:HHH000397: Using ASTQueryTranslatorFactory
2019-04-29 14:35:07 下午 [Thread: localhost-startStop-1][ Class:org.hibernate.tool.hbm2ddl.SchemaValidator >> Method: org.hibernate.tool.hbm2ddl.SchemaValidator.validate(SchemaValidator.java:137) ]
INFO:HHH000229: Running schema validator
2019-04-29 14:35:07 下午 [Thread: localhost-startStop-1][ Class:org.hibernate.tool.hbm2ddl.SchemaValidator >> Method: org.hibernate.tool.hbm2ddl.SchemaValidator.validate(SchemaValidator.java:145) ]
INFO:HHH000102: Fetching database metadata
2019-04-29 14:35:07 下午 [Thread: localhost-startStop-1][ Class:org.hibernate.tool.hbm2ddl.TableMetadata >> Method: org.hibernate.tool.hbm2ddl.TableMetadata.<init>(TableMetadata.java:65) ]
INFO:HHH000261: Table found: ewm.e_staff_equipment
2019-04-29 14:35:07 下午 [Thread: localhost-startStop-1][ Class:org.hibernate.tool.hbm2ddl.TableMetadata >> Method: org.hibernate.tool.hbm2ddl.TableMetadata.<init>(TableMetadata.java:66) ]
INFO:HHH000037: Columns: [s_id, e_id]
2019-04-29 14:35:07 下午 [Thread: localhost-startStop-1][ Class:org.hibernate.tool.hbm2ddl.TableMetadata >> Method: org.hibernate.tool.hbm2ddl.TableMetadata.<init>(TableMetadata.java:65) ]
INFO:HHH000261: Table found: ewm.e_equipment
2019-04-29 14:35:07 下午 [Thread: localhost-startStop-1][ Class:org.hibernate.tool.hbm2ddl.TableMetadata >> Method: org.hibernate.tool.hbm2ddl.TableMetadata.<init>(TableMetadata.java:66) ]
INFO:HHH000037: Columns: [name, oid]
2019-04-29 14:35:07 下午 [Thread: localhost-startStop-1][ Class:org.hibernate.tool.hbm2ddl.TableMetadata >> Method: org.hibernate.tool.hbm2ddl.TableMetadata.<init>(TableMetadata.java:65) ]
INFO:HHH000261: Table found: ewm.e_record
2019-04-29 14:35:07 下午 [Thread: localhost-startStop-1][ Class:org.hibernate.tool.hbm2ddl.TableMetadata >> Method: org.hibernate.tool.hbm2ddl.TableMetadata.<init>(TableMetadata.java:66) ]
INFO:HHH000037: Columns: [date, staff_id, oid, info, equipment_id]
2019-04-29 14:35:07 下午 [Thread: localhost-startStop-1][ Class:org.hibernate.tool.hbm2ddl.TableMetadata >> Method: org.hibernate.tool.hbm2ddl.TableMetadata.<init>(TableMetadata.java:65) ]
INFO:HHH000261: Table found: ewm.e_staff
2019-04-29 14:35:07 下午 [Thread: localhost-startStop-1][ Class:org.hibernate.tool.hbm2ddl.TableMetadata >> Method: org.hibernate.tool.hbm2ddl.TableMetadata.<init>(TableMetadata.java:66) ]
INFO:HHH000037: Columns: [password, name, oid, username]
2019-04-29 14:35:07 下午 [Thread: localhost-startStop-1][ Class:org.springframework.orm.hibernate4.HibernateTransactionManager >> Method: org.springframework.orm.hibernate4.HibernateTransactionManager.afterPropertiesSet(HibernateTransactionManager.java:360) ]
INFO:Using DataSource [com.mchange.v2.c3p0.ComboPooledDataSource [ acquireIncrement -> 3, acquireRetryAttempts -> 30, acquireRetryDelay -> 1000, autoCommitOnClose -> false, automaticTestTable -> null, breakAfterAcquireFailure -> false, checkoutTimeout -> 0, connectionCustomizerClassName -> null, connectionTesterClassName -> com.mchange.v2.c3p0.impl.DefaultConnectionTester, dataSourceName -> 1hge0wpa2ssvbit1nw9vjq|6fd6d1da, debugUnreturnedConnectionStackTraces -> false, description -> null, driverClass -> com.mysql.jdbc.Driver, factoryClassLocation -> null, forceIgnoreUnresolvedTransactions -> false, identityToken -> 1hge0wpa2ssvbit1nw9vjq|6fd6d1da, idleConnectionTestPeriod -> 0, initialPoolSize -> 1, jdbcUrl -> jdbc:mysql://localhost:3306/ewm?useUnicode=true&characterEncoding=UTF-8, maxAdministrativeTaskTime -> 0, maxConnectionAge -> 0, maxIdleTime -> 20, maxIdleTimeExcessConnections -> 0, maxPoolSize -> 40, maxStatements -> 0, maxStatementsPerConnection -> 0, minPoolSize -> 1, numHelperThreads -> 3, numThreadsAwaitingCheckoutDefaultUser -> 0, preferredTestQuery -> null, properties -> {user=******, password=******}, propertyCycle -> 0, testConnectionOnCheckin -> false, testConnectionOnCheckout -> false, unreturnedConnectionTimeout -> 0, usesTraditionalReflectiveProxies -> false ]] of Hibernate SessionFactory for HibernateTransactionManager
2019-04-29 14:35:07 下午 [Thread: localhost-startStop-1][ Class:org.springframework.web.context.ContextLoader >> Method: org.springframework.web.context.ContextLoader.initWebApplicationContext(ContextLoader.java:347) ]
INFO:Root WebApplicationContext: initialization completed in 3481 ms
2019-04-29 14:35:07 下午 [Thread: localhost-startStop-1][ Class:com.opensymphony.xwork2.config.providers.XmlConfigurationProvider >> Method: com.opensymphony.xwork2.util.logging.commons.CommonsLogger.info(CommonsLogger.java:46) ]
INFO:Parsing configuration file [struts-default.xml]
2019-04-29 14:35:07 下午 [Thread: localhost-startStop-1][ Class:com.opensymphony.xwork2.config.providers.XmlConfigurationProvider >> Method: com.opensymphony.xwork2.util.logging.commons.CommonsLogger.info(CommonsLogger.java:46) ]
INFO:Parsing configuration file [struts-plugin.xml]
2019-04-29 14:35:07 下午 [Thread: localhost-startStop-1][ Class:com.opensymphony.xwork2.config.providers.XmlConfigurationProvider >> Method: com.opensymphony.xwork2.util.logging.commons.CommonsLogger.info(CommonsLogger.java:46) ]
INFO:Parsing configuration file [struts.xml]
2019-04-29 14:35:07 下午 [Thread: localhost-startStop-1][ Class:org.apache.struts2.config.AbstractBeanSelectionProvider >> Method: com.opensymphony.xwork2.util.logging.commons.CommonsLogger.info(CommonsLogger.java:46) ]
INFO:Choosing bean (spring) for (com.opensymphony.xwork2.ObjectFactory)
2019-04-29 14:35:07 下午 [Thread: localhost-startStop-1][ Class:org.apache.struts2.config.AbstractBeanSelectionProvider >> Method: com.opensymphony.xwork2.util.logging.commons.CommonsLogger.info(CommonsLogger.java:46) ]
INFO:Choosing bean (struts) for (com.opensymphony.xwork2.factory.ActionFactory)
2019-04-29 14:35:07 下午 [Thread: localhost-startStop-1][ Class:org.apache.struts2.config.AbstractBeanSelectionProvider >> Method: com.opensymphony.xwork2.util.logging.commons.CommonsLogger.info(CommonsLogger.java:46) ]
INFO:Choosing bean (struts) for (com.opensymphony.xwork2.factory.ResultFactory)
2019-04-29 14:35:07 下午 [Thread: localhost-startStop-1][ Class:org.apache.struts2.config.AbstractBeanSelectionProvider >> Method: com.opensymphony.xwork2.util.logging.commons.CommonsLogger.info(CommonsLogger.java:46) ]
INFO:Choosing bean (struts) for (com.opensymphony.xwork2.factory.ConverterFactory)
2019-04-29 14:35:07 下午 [Thread: localhost-startStop-1][ Class:org.apache.struts2.config.AbstractBeanSelectionProvider >> Method: com.opensymphony.xwork2.util.logging.commons.CommonsLogger.info(CommonsLogger.java:46) ]
INFO:Choosing bean (struts) for (com.opensymphony.xwork2.factory.InterceptorFactory)
2019-04-29 14:35:07 下午 [Thread: localhost-startStop-1][ Class:org.apache.struts2.config.AbstractBeanSelectionProvider >> Method: com.opensymphony.xwork2.util.logging.commons.CommonsLogger.info(CommonsLogger.java:46) ]
INFO:Choosing bean (struts) for (com.opensymphony.xwork2.factory.ValidatorFactory)
2019-04-29 14:35:07 下午 [Thread: localhost-startStop-1][ Class:org.apache.struts2.config.AbstractBeanSelectionProvider >> Method: com.opensymphony.xwork2.util.logging.commons.CommonsLogger.info(CommonsLogger.java:46) ]
INFO:Choosing bean (struts) for (com.opensymphony.xwork2.factory.UnknownHandlerFactory)
2019-04-29 14:35:07 下午 [Thread: localhost-startStop-1][ Class:org.apache.struts2.config.AbstractBeanSelectionProvider >> Method: com.opensymphony.xwork2.util.logging.commons.CommonsLogger.info(CommonsLogger.java:46) ]
INFO:Choosing bean (struts) for (com.opensymphony.xwork2.FileManagerFactory)
2019-04-29 14:35:07 下午 [Thread: localhost-startStop-1][ Class:org.apache.struts2.config.AbstractBeanSelectionProvider >> Method: com.opensymphony.xwork2.util.logging.commons.CommonsLogger.info(CommonsLogger.java:46) ]
INFO:Choosing bean (struts) for (com.opensymphony.xwork2.conversion.impl.XWorkConverter)
2019-04-29 14:35:07 下午 [Thread: localhost-startStop-1][ Class:org.apache.struts2.config.AbstractBeanSelectionProvider >> Method: com.opensymphony.xwork2.util.logging.commons.CommonsLogger.info(CommonsLogger.java:46) ]
INFO:Choosing bean (struts) for (com.opensymphony.xwork2.conversion.impl.CollectionConverter)
2019-04-29 14:35:07 下午 [Thread: localhost-startStop-1][ Class:org.apache.struts2.config.AbstractBeanSelectionProvider >> Method: com.opensymphony.xwork2.util.logging.commons.CommonsLogger.info(CommonsLogger.java:46) ]
INFO:Choosing bean (struts) for (com.opensymphony.xwork2.conversion.impl.ArrayConverter)
2019-04-29 14:35:07 下午 [Thread: localhost-startStop-1][ Class:org.apache.struts2.config.AbstractBeanSelectionProvider >> Method: com.opensymphony.xwork2.util.logging.commons.CommonsLogger.info(CommonsLogger.java:46) ]
INFO:Choosing bean (struts) for (com.opensymphony.xwork2.conversion.impl.DateConverter)
2019-04-29 14:35:07 下午 [Thread: localhost-startStop-1][ Class:org.apache.struts2.config.AbstractBeanSelectionProvider >> Method: com.opensymphony.xwork2.util.logging.commons.CommonsLogger.info(CommonsLogger.java:46) ]
INFO:Choosing bean (struts) for (com.opensymphony.xwork2.conversion.impl.NumberConverter)
2019-04-29 14:35:07 下午 [Thread: localhost-startStop-1][ Class:org.apache.struts2.config.AbstractBeanSelectionProvider >> Method: com.opensymphony.xwork2.util.logging.commons.CommonsLogger.info(CommonsLogger.java:46) ]
INFO:Choosing bean (struts) for (com.opensymphony.xwork2.conversion.impl.StringConverter)
2019-04-29 14:35:07 下午 [Thread: localhost-startStop-1][ Class:org.apache.struts2.config.AbstractBeanSelectionProvider >> Method: com.opensymphony.xwork2.util.logging.commons.CommonsLogger.info(CommonsLogger.java:46) ]
INFO:Choosing bean (struts) for (com.opensymphony.xwork2.conversion.ConversionPropertiesProcessor)
2019-04-29 14:35:07 下午 [Thread: localhost-startStop-1][ Class:org.apache.struts2.config.AbstractBeanSelectionProvider >> Method: com.opensymphony.xwork2.util.logging.commons.CommonsLogger.info(CommonsLogger.java:46) ]
INFO:Choosing bean (struts) for (com.opensymphony.xwork2.conversion.ConversionFileProcessor)
2019-04-29 14:35:07 下午 [Thread: localhost-startStop-1][ Class:org.apache.struts2.config.AbstractBeanSelectionProvider >> Method: com.opensymphony.xwork2.util.logging.commons.CommonsLogger.info(CommonsLogger.java:46) ]
INFO:Choosing bean (struts) for (com.opensymphony.xwork2.conversion.ConversionAnnotationProcessor)
2019-04-29 14:35:07 下午 [Thread: localhost-startStop-1][ Class:org.apache.struts2.config.AbstractBeanSelectionProvider >> Method: com.opensymphony.xwork2.util.logging.commons.CommonsLogger.info(CommonsLogger.java:46) ]
INFO:Choosing bean (struts) for (com.opensymphony.xwork2.conversion.TypeConverterCreator)
2019-04-29 14:35:07 下午 [Thread: localhost-startStop-1][ Class:org.apache.struts2.config.AbstractBeanSelectionProvider >> Method: com.opensymphony.xwork2.util.logging.commons.CommonsLogger.info(CommonsLogger.java:46) ]
INFO:Choosing bean (struts) for (com.opensymphony.xwork2.conversion.TypeConverterHolder)
2019-04-29 14:35:07 下午 [Thread: localhost-startStop-1][ Class:org.apache.struts2.config.AbstractBeanSelectionProvider >> Method: com.opensymphony.xwork2.util.logging.commons.CommonsLogger.info(CommonsLogger.java:46) ]
INFO:Choosing bean (struts) for (com.opensymphony.xwork2.TextProvider)
2019-04-29 14:35:07 下午 [Thread: localhost-startStop-1][ Class:org.apache.struts2.config.AbstractBeanSelectionProvider >> Method: com.opensymphony.xwork2.util.logging.commons.CommonsLogger.info(CommonsLogger.java:46) ]
INFO:Choosing bean (struts) for (com.opensymphony.xwork2.LocaleProvider)
2019-04-29 14:35:07 下午 [Thread: localhost-startStop-1][ Class:org.apache.struts2.config.AbstractBeanSelectionProvider >> Method: com.opensymphony.xwork2.util.logging.commons.CommonsLogger.info(CommonsLogger.java:46) ]
INFO:Choosing bean (struts) for (com.opensymphony.xwork2.ActionProxyFactory)
2019-04-29 14:35:07 下午 [Thread: localhost-startStop-1][ Class:org.apache.struts2.config.AbstractBeanSelectionProvider >> Method: com.opensymphony.xwork2.util.logging.commons.CommonsLogger.info(CommonsLogger.java:46) ]
INFO:Choosing bean (struts) for (com.opensymphony.xwork2.conversion.ObjectTypeDeterminer)
2019-04-29 14:35:07 下午 [Thread: localhost-startStop-1][ Class:org.apache.struts2.config.AbstractBeanSelectionProvider >> Method: com.opensymphony.xwork2.util.logging.commons.CommonsLogger.info(CommonsLogger.java:46) ]
INFO:Choosing bean (struts) for (org.apache.struts2.dispatcher.mapper.ActionMapper)
2019-04-29 14:35:07 下午 [Thread: localhost-startStop-1][ Class:org.apache.struts2.config.AbstractBeanSelectionProvider >> Method: com.opensymphony.xwork2.util.logging.commons.CommonsLogger.info(CommonsLogger.java:46) ]
INFO:Choosing bean (jakarta) for (org.apache.struts2.dispatcher.multipart.MultiPartRequest)
2019-04-29 14:35:07 下午 [Thread: localhost-startStop-1][ Class:org.apache.struts2.config.AbstractBeanSelectionProvider >> Method: com.opensymphony.xwork2.util.logging.commons.CommonsLogger.info(CommonsLogger.java:46) ]
INFO:Choosing bean (struts) for (org.apache.struts2.views.freemarker.FreemarkerManager)
2019-04-29 14:35:07 下午 [Thread: localhost-startStop-1][ Class:org.apache.struts2.config.AbstractBeanSelectionProvider >> Method: com.opensymphony.xwork2.util.logging.commons.CommonsLogger.info(CommonsLogger.java:46) ]
INFO:Choosing bean (struts) for (org.apache.struts2.components.UrlRenderer)
2019-04-29 14:35:07 下午 [Thread: localhost-startStop-1][ Class:org.apache.struts2.config.AbstractBeanSelectionProvider >> Method: com.opensymphony.xwork2.util.logging.commons.CommonsLogger.info(CommonsLogger.java:46) ]
INFO:Choosing bean (struts) for (com.opensymphony.xwork2.validator.ActionValidatorManager)
2019-04-29 14:35:07 下午 [Thread: localhost-startStop-1][ Class:org.apache.struts2.config.AbstractBeanSelectionProvider >> Method: com.opensymphony.xwork2.util.logging.commons.CommonsLogger.info(CommonsLogger.java:46) ]
INFO:Choosing bean (struts) for (com.opensymphony.xwork2.util.ValueStackFactory)
2019-04-29 14:35:07 下午 [Thread: localhost-startStop-1][ Class:org.apache.struts2.config.AbstractBeanSelectionProvider >> Method: com.opensymphony.xwork2.util.logging.commons.CommonsLogger.info(CommonsLogger.java:46) ]
INFO:Choosing bean (struts) for (com.opensymphony.xwork2.util.reflection.ReflectionProvider)
2019-04-29 14:35:07 下午 [Thread: localhost-startStop-1][ Class:org.apache.struts2.config.AbstractBeanSelectionProvider >> Method: com.opensymphony.xwork2.util.logging.commons.CommonsLogger.info(CommonsLogger.java:46) ]
INFO:Choosing bean (struts) for (com.opensymphony.xwork2.util.reflection.ReflectionContextFactory)
2019-04-29 14:35:07 下午 [Thread: localhost-startStop-1][ Class:org.apache.struts2.config.AbstractBeanSelectionProvider >> Method: com.opensymphony.xwork2.util.logging.commons.CommonsLogger.info(CommonsLogger.java:46) ]
INFO:Choosing bean (struts) for (com.opensymphony.xwork2.util.PatternMatcher)
2019-04-29 14:35:07 下午 [Thread: localhost-startStop-1][ Class:org.apache.struts2.config.AbstractBeanSelectionProvider >> Method: com.opensymphony.xwork2.util.logging.commons.CommonsLogger.info(CommonsLogger.java:46) ]
INFO:Choosing bean (struts) for (org.apache.struts2.util.ContentTypeMatcher)
2019-04-29 14:35:07 下午 [Thread: localhost-startStop-1][ Class:org.apache.struts2.config.AbstractBeanSelectionProvider >> Method: com.opensymphony.xwork2.util.logging.commons.CommonsLogger.info(CommonsLogger.java:46) ]
INFO:Choosing bean (struts) for (org.apache.struts2.dispatcher.StaticContentLoader)
2019-04-29 14:35:07 下午 [Thread: localhost-startStop-1][ Class:org.apache.struts2.config.AbstractBeanSelectionProvider >> Method: com.opensymphony.xwork2.util.logging.commons.CommonsLogger.info(CommonsLogger.java:46) ]
INFO:Choosing bean (struts) for (com.opensymphony.xwork2.UnknownHandlerManager)
2019-04-29 14:35:07 下午 [Thread: localhost-startStop-1][ Class:org.apache.struts2.config.AbstractBeanSelectionProvider >> Method: com.opensymphony.xwork2.util.logging.commons.CommonsLogger.info(CommonsLogger.java:46) ]
INFO:Choosing bean (struts) for (org.apache.struts2.views.util.UrlHelper)
2019-04-29 14:35:07 下午 [Thread: localhost-startStop-1][ Class:org.apache.struts2.config.AbstractBeanSelectionProvider >> Method: com.opensymphony.xwork2.util.logging.commons.CommonsLogger.info(CommonsLogger.java:46) ]
INFO:Choosing bean (struts) for (com.opensymphony.xwork2.util.TextParser)
2019-04-29 14:35:07 下午 [Thread: localhost-startStop-1][ Class:org.apache.struts2.config.AbstractBeanSelectionProvider >> Method: com.opensymphony.xwork2.util.logging.commons.CommonsLogger.info(CommonsLogger.java:46) ]
INFO:Choosing bean (struts) for (org.apache.struts2.dispatcher.DispatcherErrorHandler)
2019-04-29 14:35:07 下午 [Thread: localhost-startStop-1][ Class:org.apache.struts2.config.AbstractBeanSelectionProvider >> Method: com.opensymphony.xwork2.util.logging.commons.CommonsLogger.info(CommonsLogger.java:46) ]
INFO:Choosing bean (struts) for (com.opensymphony.xwork2.security.ExcludedPatternsChecker)
2019-04-29 14:35:07 下午 [Thread: localhost-startStop-1][ Class:org.apache.struts2.config.AbstractBeanSelectionProvider >> Method: com.opensymphony.xwork2.util.logging.commons.CommonsLogger.info(CommonsLogger.java:46) ]
INFO:Choosing bean (struts) for (com.opensymphony.xwork2.security.AcceptedPatternsChecker)
2019-04-29 14:35:07 下午 [Thread: localhost-startStop-1][ Class:org.apache.struts2.spring.StrutsSpringObjectFactory >> Method: com.opensymphony.xwork2.util.logging.commons.CommonsLogger.info(CommonsLogger.java:46) ]
INFO:Initializing Struts-Spring integration...
2019-04-29 14:35:07 下午 [Thread: localhost-startStop-1][ Class:com.opensymphony.xwork2.spring.SpringObjectFactory >> Method: com.opensymphony.xwork2.util.logging.commons.CommonsLogger.info(CommonsLogger.java:46) ]
INFO:Setting autowire strategy to name
2019-04-29 14:35:07 下午 [Thread: localhost-startStop-1][ Class:org.apache.struts2.spring.StrutsSpringObjectFactory >> Method: com.opensymphony.xwork2.util.logging.commons.CommonsLogger.info(CommonsLogger.java:46) ]
INFO:... initialized Struts-Spring integration successfully
